<?xml version="1.0" encoding="UTF-8"?>
<!-- Generated by org.testng.reporters.JUnitReportReporter -->
<testsuite name="com.javaSampleCode.testng.FactorySampleCode" tests="14" time="0.045" ignored="0" failures="0" timestamp="24 Jun 2017 11:47:35 GMT" skipped="0" hostname="sapra-ThinkPad-Edge-E430" errors="0">
  <testcase name="testMethod" time="0.002" classname="com.javaSampleCode.testng.FactorySampleCode"/>
  <testcase name="testMethod" time="0.012" classname="com.javaSampleCode.testng.FactorySampleCode"/>
  <testcase name="testMethod" time="0.015" classname="com.javaSampleCode.testng.FactorySampleCode"/>
  <testcase name="testMethod" time="0.001" classname="com.javaSampleCode.testng.FactorySampleCode"/>
  <testcase name="testMethod" time="0.001" classname="com.javaSampleCode.testng.FactorySampleCode"/>
  <testcase name="testMethod" time="0.002" classname="com.javaSampleCode.testng.FactorySampleCode"/>
  <testcase name="testMethod" time="0.001" classname="com.javaSampleCode.testng.FactorySampleCode"/>
  <testcase name="testMethod" time="0.001" classname="com.javaSampleCode.testng.FactorySampleCode"/>
  <testcase name="testMethod" time="0.002" classname="com.javaSampleCode.testng.FactorySampleCode"/>
  <testcase name="testMethod" time="0.001" classname="com.javaSampleCode.testng.FactorySampleCode"/>
  <testcase name="testMethod" time="0.002" classname="com.javaSampleCode.testng.FactorySampleCode"/>
  <testcase name="testMethod" time="0.002" classname="com.javaSampleCode.testng.FactorySampleCode"/>
  <testcase name="testMethod" time="0.002" classname="com.javaSampleCode.testng.FactorySampleCode"/>
  <testcase name="testMethod" time="0.001" classname="com.javaSampleCode.testng.FactorySampleCode"/>
</testsuite> <!-- com.javaSampleCode.testng.FactorySampleCode -->
