<?xml version="1.0" encoding="UTF-8"?>
<!-- Generated by org.testng.reporters.JUnitReportReporter -->
<testsuite name="com.javaSampleCode.testng.TestNgSampleCode" tests="4" time="0.039" ignored="0" failures="0" timestamp="03 Jul 2017 17:24:46 GMT" skipped="0" hostname="sapra-ThinkPad-Edge-E430" errors="0">
  <testcase name="method1" time="0.014" classname="com.javaSampleCode.testng.TestNgSampleCode"/>
  <testcase name="method2" time="0.008" classname="com.javaSampleCode.testng.TestNgSampleCode"/>
  <testcase name="method3" time="0.015" classname="com.javaSampleCode.testng.TestNgSampleCode"/>
  <testcase name="method4" time="0.002" classname="com.javaSampleCode.testng.TestNgSampleCode"/>
</testsuite> <!-- com.javaSampleCode.testng.TestNgSampleCode -->
