<?xml version="1.0" encoding="UTF-8"?>
<!-- Generated by org.testng.reporters.JUnitReportReporter -->
<testsuite name="com.javaSampleCode.testng.DataProviderSampleCodeTest" tests="14" time="0.049" ignored="0" failures="0" timestamp="24 Jun 2017 11:43:16 GMT" skipped="0" hostname="sapra-ThinkPad-Edge-E430" errors="0">
  <testcase name="testMethod" time="0.003" classname="com.javaSampleCode.testng.DataProviderSampleCodeTest"/>
  <testcase name="testMethod" time="0.002" classname="com.javaSampleCode.testng.DataProviderSampleCodeTest"/>
  <testcase name="testMethod" time="0.002" classname="com.javaSampleCode.testng.DataProviderSampleCodeTest"/>
  <testcase name="testMethod" time="0.004" classname="com.javaSampleCode.testng.DataProviderSampleCodeTest"/>
  <testcase name="testMethod" time="0.002" classname="com.javaSampleCode.testng.DataProviderSampleCodeTest"/>
  <testcase name="testMethod" time="0.002" classname="com.javaSampleCode.testng.DataProviderSampleCodeTest"/>
  <testcase name="testMethod" time="0.002" classname="com.javaSampleCode.testng.DataProviderSampleCodeTest"/>
  <testcase name="testMethod" time="0.003" classname="com.javaSampleCode.testng.DataProviderSampleCodeTest"/>
  <testcase name="testMethod" time="0.002" classname="com.javaSampleCode.testng.DataProviderSampleCodeTest"/>
  <testcase name="testMethod" time="0.002" classname="com.javaSampleCode.testng.DataProviderSampleCodeTest"/>
  <testcase name="testMethod" time="0.004" classname="com.javaSampleCode.testng.DataProviderSampleCodeTest"/>
  <testcase name="testMethod" time="0.001" classname="com.javaSampleCode.testng.DataProviderSampleCodeTest"/>
  <testcase name="testMethod" time="0.002" classname="com.javaSampleCode.testng.DataProviderSampleCodeTest"/>
  <testcase name="testMethod" time="0.018" classname="com.javaSampleCode.testng.DataProviderSampleCodeTest"/>
</testsuite> <!-- com.javaSampleCode.testng.DataProviderSampleCodeTest -->
