<?xml version="1.0" encoding="UTF-8"?>
<!-- Generated by org.testng.reporters.JUnitReportReporter -->
<testsuite name="com.javaSampleCode.testng.DataProviderAndFactorySampleCodeServiceTest" tests="1" time="0.020" ignored="0" failures="0" timestamp="24 Jun 2017 12:10:23 GMT" skipped="0" hostname="sapra-ThinkPad-Edge-E430" errors="0">
  <testcase name="testMethod" time="0.020" classname="com.javaSampleCode.testng.DataProviderAndFactorySampleCodeServiceTest"/>
</testsuite> <!-- com.javaSampleCode.testng.DataProviderAndFactorySampleCodeServiceTest -->
