<?xml version="1.0" encoding="UTF-8"?>
<!-- Generated by org.testng.reporters.JUnitReportReporter -->
<testsuite name="com.javaSampleCode.testng.TestNgSampleCode" tests="6" time="0.031" ignored="0" failures="0" timestamp="24 Jun 2017 08:17:42 GMT" skipped="0" hostname="sapra-ThinkPad-Edge-E430" errors="0">
  <testcase name="method3" time="0.005" classname="com.javaSampleCode.testng.TestNgSampleCode"/>
  <testcase name="method3" time="0.002" classname="com.javaSampleCode.testng.TestNgSampleCode"/>
  <testcase name="method2" time="0.003" classname="com.javaSampleCode.testng.TestNgSampleCode"/>
  <testcase name="method1" time="0.017" classname="com.javaSampleCode.testng.TestNgSampleCode"/>
  <testcase name="method2" time="0.002" classname="com.javaSampleCode.testng.TestNgSampleCode"/>
  <testcase name="method1" time="0.002" classname="com.javaSampleCode.testng.TestNgSampleCode"/>
</testsuite> <!-- com.javaSampleCode.testng.TestNgSampleCode -->
