<?xml version="1.0" encoding="UTF-8"?>
<!-- Generated by org.testng.reporters.JUnitReportReporter -->
<testsuite name="com.javaSampleCode.testng.TestNgSampleCode1" tests="14" time="0.097" ignored="0" failures="0" timestamp="24 Jun 2017 09:50:10 GMT" skipped="0" hostname="sapra-ThinkPad-Edge-E430" errors="0">
  <testcase name="f" time="0.001" classname="com.javaSampleCode.testng.TestNgSampleCode1"/>
  <testcase name="f" time="0.002" classname="com.javaSampleCode.testng.TestNgSampleCode1"/>
  <testcase name="f" time="0.044" classname="com.javaSampleCode.testng.TestNgSampleCode1"/>
  <testcase name="f" time="0.001" classname="com.javaSampleCode.testng.TestNgSampleCode1"/>
  <testcase name="f" time="0.001" classname="com.javaSampleCode.testng.TestNgSampleCode1"/>
  <testcase name="f" time="0.003" classname="com.javaSampleCode.testng.TestNgSampleCode1"/>
  <testcase name="f" time="0.002" classname="com.javaSampleCode.testng.TestNgSampleCode1"/>
  <testcase name="f" time="0.001" classname="com.javaSampleCode.testng.TestNgSampleCode1"/>
  <testcase name="f" time="0.035" classname="com.javaSampleCode.testng.TestNgSampleCode1"/>
  <testcase name="f" time="0.001" classname="com.javaSampleCode.testng.TestNgSampleCode1"/>
  <testcase name="f" time="0.002" classname="com.javaSampleCode.testng.TestNgSampleCode1"/>
  <testcase name="f" time="0.001" classname="com.javaSampleCode.testng.TestNgSampleCode1"/>
  <testcase name="f" time="0.002" classname="com.javaSampleCode.testng.TestNgSampleCode1"/>
  <testcase name="f" time="0.001" classname="com.javaSampleCode.testng.TestNgSampleCode1"/>
</testsuite> <!-- com.javaSampleCode.testng.TestNgSampleCode1 -->
